0 info it worked if it ends with ok
1 verbose cli [ 'C:\\Program Files\\nodejs\\node.exe',
1 verbose cli   'C:\\Program Files\\nodejs\\node_modules\\npm\\bin\\npm-cli.js',
1 verbose cli   'install' ]
2 info using npm@2.15.9
3 info using node@v4.5.0
4 verbose readDependencies loading dependencies from E:\CRM\package.json
5 warn package.json CRM@0.0.1 No description
6 warn package.json CRM@0.0.1 No repository field.
7 warn package.json CRM@0.0.1 No README data
8 verbose install where, deps [ 'E:\\CRM',
8 verbose install   [ 'angular',
8 verbose install     'angular-animate',
8 verbose install     'angular-aria',
8 verbose install     'angular-material',
8 verbose install     'angular-material-icons',
8 verbose install     'angular-messages',
8 verbose install     'angular-ui-router',
8 verbose install     'jsog',
8 verbose install     'lodash',
8 verbose install     'ng-lodash',
8 verbose install     'gulp',
8 verbose install     'gulp-autoprefixer',
8 verbose install     'gulp-concat',
8 verbose install     'gulp-htmlmin',
8 verbose install     'gulp-newer',
8 verbose install     'gulp-ng-annotate',
8 verbose install     'gulp-ng-templates',
8 verbose install     'gulp-sass',
8 verbose install     'gulp-sourcemaps',
8 verbose install     'gulp-uglify',
8 verbose install     'es6-promise',
8 verbose install     'gulp-cssmin',
8 verbose install     'gulp-angular-templatecache' ] ]
9 verbose install where, peers [ 'E:\\CRM', [] ]
10 verbose installManyTop reading for lifecycle E:\CRM\package.json
11 info preinstall CRM@0.0.1
12 verbose installManyTop reading scoped package data from E:\CRM\node_modules\angular\package.json
13 verbose installManyTop reading scoped package data from E:\CRM\node_modules\angular-animate\package.json
14 verbose installManyTop reading scoped package data from E:\CRM\node_modules\angular-aria\package.json
15 verbose installManyTop reading scoped package data from E:\CRM\node_modules\angular-material\package.json
16 verbose installManyTop reading scoped package data from E:\CRM\node_modules\angular-material-icons\package.json
17 verbose installManyTop reading scoped package data from E:\CRM\node_modules\angular-messages\package.json
18 verbose installManyTop reading scoped package data from E:\CRM\node_modules\angular-ui-router\package.json
19 verbose installManyTop reading scoped package data from E:\CRM\node_modules\es6-promise\package.json
20 verbose installManyTop reading scoped package data from E:\CRM\node_modules\gulp\package.json
21 verbose installManyTop reading scoped package data from E:\CRM\node_modules\gulp-angular-templatecache\package.json
22 verbose installManyTop reading scoped package data from E:\CRM\node_modules\gulp-autoprefixer\package.json
23 verbose installManyTop reading scoped package data from E:\CRM\node_modules\gulp-concat\package.json
24 verbose installManyTop reading scoped package data from E:\CRM\node_modules\gulp-cssmin\package.json
25 verbose installManyTop reading scoped package data from E:\CRM\node_modules\gulp-htmlmin\package.json
26 verbose installManyTop reading scoped package data from E:\CRM\node_modules\gulp-newer\package.json
27 verbose installManyTop reading scoped package data from E:\CRM\node_modules\gulp-ng-annotate\package.json
28 verbose installManyTop reading scoped package data from E:\CRM\node_modules\gulp-ng-templates\package.json
29 verbose installManyTop reading scoped package data from E:\CRM\node_modules\gulp-sass\package.json
30 verbose installManyTop reading scoped package data from E:\CRM\node_modules\gulp-sourcemaps\package.json
31 verbose installManyTop reading scoped package data from E:\CRM\node_modules\gulp-uglify\package.json
32 verbose installManyTop reading scoped package data from E:\CRM\node_modules\jsog\package.json
33 verbose installManyTop reading scoped package data from E:\CRM\node_modules\lodash\package.json
34 verbose installManyTop reading scoped package data from E:\CRM\node_modules\ng-lodash\package.json
35 info package.json angular-material@1.1.1 No license field.
36 info package.json jsog@1.0.7 No license field.
37 verbose readDependencies loading dependencies from E:\CRM\package.json
38 verbose targetResolver reading package data from E:\CRM\node_modules\angular\package.json
39 verbose targetResolver reading package data from E:\CRM\node_modules\angular-animate\package.json
40 verbose targetResolver reading package data from E:\CRM\node_modules\angular-aria\package.json
41 verbose targetResolver reading package data from E:\CRM\node_modules\angular-material\package.json
42 verbose targetResolver reading package data from E:\CRM\node_modules\angular-material-icons\package.json
43 verbose targetResolver reading package data from E:\CRM\node_modules\angular-messages\package.json
44 verbose targetResolver reading package data from E:\CRM\node_modules\angular-ui-router\package.json
45 verbose targetResolver reading package data from E:\CRM\node_modules\es6-promise\package.json
46 verbose targetResolver reading package data from E:\CRM\node_modules\gulp\package.json
47 verbose targetResolver reading package data from E:\CRM\node_modules\gulp-angular-templatecache\package.json
48 verbose targetResolver reading package data from E:\CRM\node_modules\gulp-autoprefixer\package.json
49 verbose targetResolver reading package data from E:\CRM\node_modules\gulp-concat\package.json
50 verbose targetResolver reading package data from E:\CRM\node_modules\gulp-cssmin\package.json
51 verbose targetResolver reading package data from E:\CRM\node_modules\gulp-htmlmin\package.json
52 verbose targetResolver reading package data from E:\CRM\node_modules\gulp-newer\package.json
53 verbose targetResolver reading package data from E:\CRM\node_modules\gulp-ng-annotate\package.json
54 verbose targetResolver reading package data from E:\CRM\node_modules\gulp-ng-templates\package.json
55 verbose targetResolver reading package data from E:\CRM\node_modules\gulp-sass\package.json
56 verbose targetResolver reading package data from E:\CRM\node_modules\gulp-sourcemaps\package.json
57 verbose targetResolver reading package data from E:\CRM\node_modules\gulp-uglify\package.json
58 verbose targetResolver reading package data from E:\CRM\node_modules\jsog\package.json
59 verbose targetResolver reading package data from E:\CRM\node_modules\lodash\package.json
60 verbose targetResolver reading package data from E:\CRM\node_modules\ng-lodash\package.json
61 verbose targetResolver reading package data from E:\CRM\node_modules\.bin\gulp\package.json
62 verbose targetResolver reading package data from E:\CRM\node_modules\.bin\gulp.cmd\package.json
63 verbose already installed skipping ng-lodash@^0.2.3 E:\CRM
64 verbose already installed skipping gulp@^3.9.1 E:\CRM
65 verbose already installed skipping gulp-autoprefixer@^3.1.0 E:\CRM
66 verbose already installed skipping gulp-concat@^2.6.0 E:\CRM
67 verbose already installed skipping gulp-htmlmin@^1.3.0 E:\CRM
68 verbose already installed skipping gulp-newer@^1.1.0 E:\CRM
69 verbose already installed skipping gulp-ng-annotate@^2.0.0 E:\CRM
70 verbose already installed skipping gulp-ng-templates@0.0.6 E:\CRM
71 verbose already installed skipping gulp-sass@^2.2.0 E:\CRM
72 verbose already installed skipping gulp-sourcemaps@^1.6.0 E:\CRM
73 verbose already installed skipping gulp-uglify@^1.5.3 E:\CRM
74 verbose already installed skipping es6-promise@~3.2.1 E:\CRM
75 verbose already installed skipping gulp-cssmin@~0.1.7 E:\CRM
76 verbose already installed skipping gulp-angular-templatecache@^2.0.0 E:\CRM
77 verbose already installed skipping angular@^1.5.3 E:\CRM
78 verbose already installed skipping angular-animate@^1.5.3 E:\CRM
79 verbose already installed skipping angular-aria@^1.5.3 E:\CRM
80 verbose already installed skipping angular-material@^1.0.7 E:\CRM
81 verbose already installed skipping angular-material-icons@^0.7.1 E:\CRM
82 verbose already installed skipping angular-messages@^1.5.7 E:\CRM
83 verbose already installed skipping angular-ui-router@0.3.1 E:\CRM
84 silly cache add args [ 'jsog@latest', null ]
85 verbose cache add spec jsog@latest
86 verbose already installed skipping lodash@~4.14.1 E:\CRM
87 silly cache add parsed spec Result {
87 silly cache add   raw: 'jsog@latest',
87 silly cache add   scope: null,
87 silly cache add   name: 'jsog',
87 silly cache add   rawSpec: 'latest',
87 silly cache add   spec: 'latest',
87 silly cache add   type: 'tag' }
88 silly addNamed jsog@latest
89 verbose addNamed "latest" is being treated as a dist-tag for jsog
90 info addNameTag [ 'jsog', 'latest' ]
91 silly mapToRegistry name jsog
92 silly mapToRegistry using default registry
93 silly mapToRegistry registry https://registry.npmjs.org/
94 silly mapToRegistry data Result {
94 silly mapToRegistry   raw: 'jsog',
94 silly mapToRegistry   scope: null,
94 silly mapToRegistry   name: 'jsog',
94 silly mapToRegistry   rawSpec: '',
94 silly mapToRegistry   spec: 'latest',
94 silly mapToRegistry   type: 'tag' }
95 silly mapToRegistry uri https://registry.npmjs.org/jsog
96 verbose addNameTag registry:https://registry.npmjs.org/jsog not in flight; fetching
97 verbose request uri https://registry.npmjs.org/jsog
98 verbose request no auth needed
99 info attempt registry request try #1 at 23:12:22
100 verbose request id 1bb2d05cb1f42cb6
101 verbose etag "9EDVSG39JJZIA4PVITD6W2SD8"
102 http request GET https://registry.npmjs.org/jsog
103 http 304 https://registry.npmjs.org/jsog
104 verbose headers { date: 'Thu, 15 Sep 2016 20:12:24 GMT',
104 verbose headers   via: '1.1 varnish',
104 verbose headers   'cache-control': 'max-age=300',
104 verbose headers   etag: '"9EDVSG39JJZIA4PVITD6W2SD8"',
104 verbose headers   age: '0',
104 verbose headers   connection: 'keep-alive',
104 verbose headers   'x-served-by': 'cache-fra1236-FRA',
104 verbose headers   'x-cache': 'MISS',
104 verbose headers   'x-cache-hits': '0',
104 verbose headers   'x-timer': 'S1473970344.969426,VS0,VE189',
104 verbose headers   vary: 'Accept-Encoding' }
105 silly get cb [ 304,
105 silly get   { date: 'Thu, 15 Sep 2016 20:12:24 GMT',
105 silly get     via: '1.1 varnish',
105 silly get     'cache-control': 'max-age=300',
105 silly get     etag: '"9EDVSG39JJZIA4PVITD6W2SD8"',
105 silly get     age: '0',
105 silly get     connection: 'keep-alive',
105 silly get     'x-served-by': 'cache-fra1236-FRA',
105 silly get     'x-cache': 'MISS',
105 silly get     'x-cache-hits': '0',
105 silly get     'x-timer': 'S1473970344.969426,VS0,VE189',
105 silly get     vary: 'Accept-Encoding' } ]
106 verbose etag https://registry.npmjs.org/jsog from cache
107 verbose get saving jsog to C:\Users\Dimas\AppData\Roaming\npm-cache\registry.npmjs.org\jsog\.cache.json
108 verbose correctMkdir C:\Users\Dimas\AppData\Roaming\npm-cache correctMkdir not in flight; initializing
109 silly addNameTag next cb for jsog with tag latest
110 silly addNamed jsog@1.0.7
111 verbose addNamed "1.0.7" is a plain semver version for jsog
112 silly cache afterAdd jsog@1.0.7
113 verbose afterAdd C:\Users\Dimas\AppData\Roaming\npm-cache\jsog\1.0.7\package\package.json not in flight; writing
114 verbose correctMkdir C:\Users\Dimas\AppData\Roaming\npm-cache correctMkdir not in flight; initializing
115 verbose afterAdd C:\Users\Dimas\AppData\Roaming\npm-cache\jsog\1.0.7\package\package.json written
116 info already installed jsog@1.0.7
117 silly install resolved []
118 info build E:\CRM
119 info linkStuff CRM@0.0.1
120 silly linkStuff CRM@0.0.1 has E:\ as its parent node_modules
121 verbose linkBins CRM@0.0.1
122 verbose linkMans CRM@0.0.1
123 verbose rebuildBundles CRM@0.0.1
124 verbose rebuildBundles [ '.bin',
124 verbose rebuildBundles   'angular',
124 verbose rebuildBundles   'angular-animate',
124 verbose rebuildBundles   'angular-aria',
124 verbose rebuildBundles   'angular-material',
124 verbose rebuildBundles   'angular-material-icons',
124 verbose rebuildBundles   'angular-messages',
124 verbose rebuildBundles   'angular-ui-router',
124 verbose rebuildBundles   'es6-promise',
124 verbose rebuildBundles   'gulp',
124 verbose rebuildBundles   'gulp-angular-templatecache',
124 verbose rebuildBundles   'gulp-autoprefixer',
124 verbose rebuildBundles   'gulp-concat',
124 verbose rebuildBundles   'gulp-cssmin',
124 verbose rebuildBundles   'gulp-htmlmin',
124 verbose rebuildBundles   'gulp-newer',
124 verbose rebuildBundles   'gulp-ng-annotate',
124 verbose rebuildBundles   'gulp-ng-templates',
124 verbose rebuildBundles   'gulp-sass',
124 verbose rebuildBundles   'gulp-sourcemaps',
124 verbose rebuildBundles   'gulp-uglify',
124 verbose rebuildBundles   'jsog',
124 verbose rebuildBundles   'lodash',
124 verbose rebuildBundles   'ng-lodash' ]
125 info install CRM@0.0.1
126 info postinstall CRM@0.0.1
127 verbose unsafe-perm in lifecycle true
128 info CRM@0.0.1 Failed to exec postinstall script
129 verbose stack Error: CRM@0.0.1 postinstall: `gulp clean && gulp`
129 verbose stack Exit status 1
129 verbose stack     at EventEmitter.<anonymous> (C:\Program Files\nodejs\node_modules\npm\lib\utils\lifecycle.js:217:16)
129 verbose stack     at emitTwo (events.js:87:13)
129 verbose stack     at EventEmitter.emit (events.js:172:7)
129 verbose stack     at ChildProcess.<anonymous> (C:\Program Files\nodejs\node_modules\npm\lib\utils\spawn.js:24:14)
129 verbose stack     at emitTwo (events.js:87:13)
129 verbose stack     at ChildProcess.emit (events.js:172:7)
129 verbose stack     at maybeClose (internal/child_process.js:829:16)
129 verbose stack     at Process.ChildProcess._handle.onexit (internal/child_process.js:211:5)
130 verbose pkgid CRM@0.0.1
131 verbose cwd E:\CRM
132 error Windows_NT 10.0.14393
133 error argv "C:\\Program Files\\nodejs\\node.exe" "C:\\Program Files\\nodejs\\node_modules\\npm\\bin\\npm-cli.js" "install"
134 error node v4.5.0
135 error npm  v2.15.9
136 error code ELIFECYCLE
137 error CRM@0.0.1 postinstall: `gulp clean && gulp`
137 error Exit status 1
138 error Failed at the CRM@0.0.1 postinstall script 'gulp clean && gulp'.
138 error This is most likely a problem with the CRM package,
138 error not with npm itself.
138 error Tell the author that this fails on your system:
138 error     gulp clean && gulp
138 error You can get information on how to open an issue for this project with:
138 error     npm bugs CRM
138 error Or if that isn't available, you can get their info via:
138 error
138 error     npm owner ls CRM
138 error There is likely additional logging output above.
139 verbose exit [ 1, true ]
